<?xml version="1.0" encoding="UTF-8"?>
<robot generator="Robot 7.4.2 (Python 3.14.7 on win32)" generated="2026-09-13T00:47:14.700901" rpa="false" schemaversion="5">
<suite id="s1" name="FirstProgram" source="D:\Coding\Python\Robot\Robotframework\FirstProgram.robot">
<test id="s1-t1" name="Search Companies And Verify Profile Pages" line="9">
<kw name="Get File" owner="OperatingSystem">
<msg time="2026-09-13T00:47:21.583283" level="INFO" html="true">Getting file '&lt;a href="file://D:\Coding\Python\Robot\Robotframework\companies.csv"&gt;D:\Coding\Python\Robot\Robotframework\companies.csv&lt;/a&gt;'.</msg>
<msg time="2026-09-13T00:47:21.586717" level="INFO">${csv} = ticker,company_name
AAPL,Apple Inc.
MSFT,Microsoft Corporation
ACN,Accenture plc
</msg>
<var>${csv}</var>
<arg>${COMPANY_DATA_FILE}</arg>
<doc>Returns the contents of a specified file.</doc>
<status status="PASS" start="2026-09-13T00:47:21.580326" elapsed="0.006847"/>
</kw>
<kw name="Split To Lines" owner="String">
<msg time="2026-09-13T00:47:21.612967" level="INFO">4 lines returned.</msg>
<msg time="2026-09-13T00:47:21.614404" level="INFO">@{lines} = [ ticker,company_name | AAPL,Apple Inc. | MSFT,Microsoft Corporation | ACN,Accenture plc ]</msg>
<var>@{lines}</var>
<arg>${csv}</arg>
<doc>Splits the given string to lines.</doc>
<status status="PASS" start="2026-09-13T00:47:21.605707" elapsed="0.009034"/>
</kw>
<for flavor="IN">
<iter>
<kw name="Split String" owner="String">
<msg time="2026-09-13T00:47:21.629404" level="INFO">@{row} = [ AAPL | Apple Inc. ]</msg>
<var>@{row}</var>
<arg>${line}</arg>
<arg>,</arg>
<doc>Splits the ``string`` using ``separator`` as a delimiter string.</doc>
<status status="PASS" start="2026-09-13T00:47:21.626104" elapsed="0.003634"/>
</kw>
<kw name="Strip String" owner="String">
<msg time="2026-09-13T00:47:21.635442" level="INFO">${ticker} = AAPL</msg>
<var>${ticker}</var>
<arg>${row}[0]</arg>
<doc>Remove leading and/or trailing whitespaces from the given string.</doc>
<status status="PASS" start="2026-09-13T00:47:21.631843" elapsed="0.003987"/>
</kw>
<kw name="Strip String" owner="String">
<msg time="2026-09-13T00:47:21.639325" level="INFO">${company_name} = Apple Inc.</msg>
<var>${company_name}</var>
<arg>${row}[1]</arg>
<doc>Remove leading and/or trailing whitespaces from the given string.</doc>
<status status="PASS" start="2026-09-13T00:47:21.637314" elapsed="0.002833"/>
</kw>
<kw name="Open Browser" owner="SeleniumLibrary">
<msg time="2026-09-13T00:47:21.644435" level="INFO">Opening browser 'Chrome' to base url 'https://finance.yahoo.com/quote/AAPL/'.</msg>
<arg>${YAHOO_URL}quote/${ticker}/</arg>
<arg>${YAHOO_BROWSER}</arg>
<doc>Opens a new browser instance to the optional ``url``.</doc>
<status status="PASS" start="2026-09-13T00:47:21.641819" elapsed="98.073722"/>
</kw>
<kw name="Wait Until Keyword Succeeds" owner="BuiltIn">
<kw name="Current Location Should Match Quote Page" owner="KeywordFiles">
<kw name="Get Location" owner="SeleniumLibrary">
<msg time="2026-09-13T00:49:01.493273" level="INFO">${location} = https://finance.yahoo.com/quote/AAPL/</msg>
<var>${location}</var>
<doc>Returns the current browser window URL.</doc>
<status status="PASS" start="2026-09-13T00:48:59.724651" elapsed="1.769631"/>
</kw>
<kw name="Should Match Regexp" owner="BuiltIn">
<arg>${location}</arg>
<arg>.*/quote/.*</arg>
<doc>Fails if ``string`` does not match ``pattern`` as a regular expression.</doc>
<status status="PASS" start="2026-09-13T00:49:01.500031" elapsed="0.005433"/>
</kw>
<status status="PASS" start="2026-09-13T00:48:59.721478" elapsed="1.785159"/>
</kw>
<arg>${YAHOO_RETRY_TIMEOUT}</arg>
<arg>${YAHOO_RETRY_INTERVAL}</arg>
<arg>Current Location Should Match Quote Page</arg>
<doc>Runs the specified keyword and retries if it fails.</doc>
<status status="PASS" start="2026-09-13T00:48:59.717424" elapsed="1.790049"/>
</kw>
<kw name="I Should See The Profile Page Loaded For &quot;${company_name}&quot; ,&quot;${ticker}&quot;" owner="KeywordFiles" source_name="I Should See The Profile Page Loaded For &quot;${company_name}&quot; ,&quot;${ticker}&quot;">
<kw name="Current Location Should Match Quote Page" owner="KeywordFiles">
<kw name="Get Location" owner="SeleniumLibrary">
<msg time="2026-09-13T00:49:17.412861" level="INFO">${location} = https://finance.yahoo.com/quote/AAPL/</msg>
<var>${location}</var>
<doc>Returns the current browser window URL.</doc>
<status status="PASS" start="2026-09-13T00:49:01.519001" elapsed="15.894315"/>
</kw>
<kw name="Should Match Regexp" owner="BuiltIn">
<arg>${location}</arg>
<arg>.*/quote/.*</arg>
<doc>Fails if ``string`` does not match ``pattern`` as a regular expression.</doc>
<status status="PASS" start="2026-09-13T00:49:17.415366" elapsed="0.003237"/>
</kw>
<status status="PASS" start="2026-09-13T00:49:01.515554" elapsed="15.903891"/>
</kw>
<kw name="Wait Until Page Contains" owner="SeleniumLibrary">
<arg>${company_name}</arg>
<arg>${YAHOO_WAIT_TIMEOUT}</arg>
<doc>Waits until ``text`` appears on the current page.</doc>
<status status="PASS" start="2026-09-13T00:49:17.420726" elapsed="7.676144"/>
</kw>
<kw name="Wait Until Page Contains Element" owner="SeleniumLibrary">
<arg>xpath://h1[contains(@class,'heading')]</arg>
<arg>${YAHOO_RETRY_INTERVAL}</arg>
<doc>Waits until the element ``locator`` appears on the current page.</doc>
<status status="PASS" start="2026-09-13T00:49:25.099505" elapsed="4.998644"/>
</kw>
<kw name="Get Text" owner="SeleniumLibrary">
<msg time="2026-09-13T00:49:36.150276" level="INFO">${heading} = Apple Inc. (AAPL)</msg>
<var>${heading}</var>
<arg>xpath://h1[contains(@class,'heading')]</arg>
<doc>Returns the text value of the element identified by ``locator``.</doc>
<status status="PASS" start="2026-09-13T00:49:30.100236" elapsed="6.050487"/>
</kw>
<kw name="Log To Console" owner="BuiltIn">
<arg>Heading text: ${heading}</arg>
<doc>Logs the given message to the console.</doc>
<status status="PASS" start="2026-09-13T00:49:36.152463" elapsed="0.015266"/>
</kw>
<kw name="Should Contain" owner="BuiltIn">
<arg>${heading}</arg>
<arg>${ticker}</arg>
<doc>Fails if ``container`` does not contain ``item`` one or more times.</doc>
<status status="PASS" start="2026-09-13T00:49:36.169422" elapsed="0.005296"/>
</kw>
<kw name="Should Contain" owner="BuiltIn">
<arg>${heading}</arg>
<arg>${company_name}</arg>
<doc>Fails if ``container`` does not contain ``item`` one or more times.</doc>
<status status="PASS" start="2026-09-13T00:49:36.176573" elapsed="0.006290"/>
</kw>
<status status="PASS" start="2026-09-13T00:49:01.511115" elapsed="34.672858"/>
</kw>
<kw name="Close All Browsers" owner="SeleniumLibrary">
<doc>Closes all open browsers and resets the browser cache.</doc>
<status status="PASS" start="2026-09-13T00:49:36.185530" elapsed="7.103866"/>
</kw>
<var name="${line}">AAPL,Apple Inc.</var>
<status status="PASS" start="2026-09-13T00:47:21.624397" elapsed="141.665171"/>
</iter>
<iter>
<kw name="Split String" owner="String">
<msg time="2026-09-13T00:49:43.291137" level="INFO">@{row} = [ MSFT | Microsoft Corporation ]</msg>
<var>@{row}</var>
<arg>${line}</arg>
<arg>,</arg>
<doc>Splits the ``string`` using ``separator`` as a delimiter string.</doc>
<status status="PASS" start="2026-09-13T00:49:43.290424" elapsed="0.000821"/>
</kw>
<kw name="Strip String" owner="String">
<msg time="2026-09-13T00:49:43.292263" level="INFO">${ticker} = MSFT</msg>
<var>${ticker}</var>
<arg>${row}[0]</arg>
<doc>Remove leading and/or trailing whitespaces from the given string.</doc>
<status status="PASS" start="2026-09-13T00:49:43.291668" elapsed="0.000688"/>
</kw>
<kw name="Strip String" owner="String">
<msg time="2026-09-13T00:49:43.293441" level="INFO">${company_name} = Microsoft Corporation</msg>
<var>${company_name}</var>
<arg>${row}[1]</arg>
<doc>Remove leading and/or trailing whitespaces from the given string.</doc>
<status status="PASS" start="2026-09-13T00:49:43.292783" elapsed="0.000761"/>
</kw>
<kw name="Open Browser" owner="SeleniumLibrary">
<msg time="2026-09-13T00:49:43.294827" level="INFO">Opening browser 'Chrome' to base url 'https://finance.yahoo.com/quote/MSFT/'.</msg>
<arg>${YAHOO_URL}quote/${ticker}/</arg>
<arg>${YAHOO_BROWSER}</arg>
<doc>Opens a new browser instance to the optional ``url``.</doc>
<status status="PASS" start="2026-09-13T00:49:43.294056" elapsed="16.593712"/>
</kw>
<kw name="Wait Until Keyword Succeeds" owner="BuiltIn">
<kw name="Current Location Should Match Quote Page" owner="KeywordFiles">
<kw name="Get Location" owner="SeleniumLibrary">
<msg time="2026-09-13T00:50:31.690716" level="INFO">${location} = https://finance.yahoo.com/quote/MSFT/</msg>
<var>${location}</var>
<doc>Returns the current browser window URL.</doc>
<status status="PASS" start="2026-09-13T00:49:59.900971" elapsed="31.790352"/>
</kw>
<kw name="Should Match Regexp" owner="BuiltIn">
<arg>${location}</arg>
<arg>.*/quote/.*</arg>
<doc>Fails if ``string`` does not match ``pattern`` as a regular expression.</doc>
<status status="PASS" start="2026-09-13T00:50:31.694277" elapsed="0.004423"/>
</kw>
<status status="PASS" start="2026-09-13T00:49:59.897756" elapsed="31.802060"/>
</kw>
<arg>${YAHOO_RETRY_TIMEOUT}</arg>
<arg>${YAHOO_RETRY_INTERVAL}</arg>
<arg>Current Location Should Match Quote Page</arg>
<doc>Runs the specified keyword and retries if it fails.</doc>
<status status="PASS" start="2026-09-13T00:49:59.890044" elapsed="31.810512"/>
</kw>
<kw name="I Should See The Profile Page Loaded For &quot;${company_name}&quot; ,&quot;${ticker}&quot;" owner="KeywordFiles" source_name="I Should See The Profile Page Loaded For &quot;${company_name}&quot; ,&quot;${ticker}&quot;">
<kw name="Current Location Should Match Quote Page" owner="KeywordFiles">
<kw name="Get Location" owner="SeleniumLibrary">
<msg time="2026-09-13T00:50:33.097012" level="INFO">${location} = https://finance.yahoo.com/quote/MSFT/</msg>
<var>${location}</var>
<doc>Returns the current browser window URL.</doc>
<status status="PASS" start="2026-09-13T00:50:31.712244" elapsed="1.385214"/>
</kw>
<kw name="Should Match Regexp" owner="BuiltIn">
<arg>${location}</arg>
<arg>.*/quote/.*</arg>
<doc>Fails if ``string`` does not match ``pattern`` as a regular expression.</doc>
<status status="PASS" start="2026-09-13T00:50:33.098832" elapsed="0.002850"/>
</kw>
<status status="PASS" start="2026-09-13T00:50:31.708723" elapsed="1.393867"/>
</kw>
<kw name="Wait Until Page Contains" owner="SeleniumLibrary">
<arg>${company_name}</arg>
<arg>${YAHOO_WAIT_TIMEOUT}</arg>
<doc>Waits until ``text`` appears on the current page.</doc>
<status status="PASS" start="2026-09-13T00:50:33.104508" elapsed="12.009043"/>
</kw>
<kw name="Wait Until Page Contains Element" owner="SeleniumLibrary">
<arg>xpath://h1[contains(@class,'heading')]</arg>
<arg>${YAHOO_RETRY_INTERVAL}</arg>
<doc>Waits until the element ``locator`` appears on the current page.</doc>
<status status="PASS" start="2026-09-13T00:50:45.115871" elapsed="7.997176"/>
</kw>
<kw name="Get Text" owner="SeleniumLibrary">
<msg time="2026-09-13T00:50:56.760476" level="INFO">${heading} = Microsoft Corporation (MSFT)</msg>
<var>${heading}</var>
<arg>xpath://h1[contains(@class,'heading')]</arg>
<doc>Returns the text value of the element identified by ``locator``.</doc>
<status status="PASS" start="2026-09-13T00:50:53.114958" elapsed="3.645817"/>
</kw>
<kw name="Log To Console" owner="BuiltIn">
<arg>Heading text: ${heading}</arg>
<doc>Logs the given message to the console.</doc>
<status status="PASS" start="2026-09-13T00:50:56.761884" elapsed="0.002900"/>
</kw>
<kw name="Should Contain" owner="BuiltIn">
<arg>${heading}</arg>
<arg>${ticker}</arg>
<doc>Fails if ``container`` does not contain ``item`` one or more times.</doc>
<status status="PASS" start="2026-09-13T00:50:56.766012" elapsed="0.002156"/>
</kw>
<kw name="Should Contain" owner="BuiltIn">
<arg>${heading}</arg>
<arg>${company_name}</arg>
<doc>Fails if ``container`` does not contain ``item`` one or more times.</doc>
<status status="PASS" start="2026-09-13T00:50:56.769080" elapsed="0.001922"/>
</kw>
<status status="PASS" start="2026-09-13T00:50:31.704483" elapsed="25.067043"/>
</kw>
<kw name="Close All Browsers" owner="SeleniumLibrary">
<doc>Closes all open browsers and resets the browser cache.</doc>
<status status="PASS" start="2026-09-13T00:50:56.772307" elapsed="3.860349"/>
</kw>
<var name="${line}">MSFT,Microsoft Corporation</var>
<status status="PASS" start="2026-09-13T00:49:43.290061" elapsed="77.342830"/>
</iter>
<iter>
<kw name="Split String" owner="String">
<msg time="2026-09-13T00:51:00.634679" level="INFO">@{row} = [ ACN | Accenture plc ]</msg>
<var>@{row}</var>
<arg>${line}</arg>
<arg>,</arg>
<doc>Splits the ``string`` using ``separator`` as a delimiter string.</doc>
<status status="PASS" start="2026-09-13T00:51:00.633830" elapsed="0.001044"/>
</kw>
<kw name="Strip String" owner="String">
<msg time="2026-09-13T00:51:00.636307" level="INFO">${ticker} = ACN</msg>
<var>${ticker}</var>
<arg>${row}[0]</arg>
<doc>Remove leading and/or trailing whitespaces from the given string.</doc>
<status status="PASS" start="2026-09-13T00:51:00.635660" elapsed="0.000744"/>
</kw>
<kw name="Strip String" owner="String">
<msg time="2026-09-13T00:51:00.637408" level="INFO">${company_name} = Accenture plc</msg>
<var>${company_name}</var>
<arg>${row}[1]</arg>
<doc>Remove leading and/or trailing whitespaces from the given string.</doc>
<status status="PASS" start="2026-09-13T00:51:00.636852" elapsed="0.000647"/>
</kw>
<kw name="Open Browser" owner="SeleniumLibrary">
<msg time="2026-09-13T00:51:00.638712" level="INFO">Opening browser 'Chrome' to base url 'https://finance.yahoo.com/quote/ACN/'.</msg>
<arg>${YAHOO_URL}quote/${ticker}/</arg>
<arg>${YAHOO_BROWSER}</arg>
<doc>Opens a new browser instance to the optional ``url``.</doc>
<status status="PASS" start="2026-09-13T00:51:00.638017" elapsed="12.651798"/>
</kw>
<kw name="Wait Until Keyword Succeeds" owner="BuiltIn">
<kw name="Current Location Should Match Quote Page" owner="KeywordFiles">
<kw name="Get Location" owner="SeleniumLibrary">
<msg time="2026-09-13T00:51:44.449821" level="INFO">${location} = https://finance.yahoo.com/quote/ACN/</msg>
<var>${location}</var>
<doc>Returns the current browser window URL.</doc>
<status status="PASS" start="2026-09-13T00:51:13.299953" elapsed="31.150252"/>
</kw>
<kw name="Should Match Regexp" owner="BuiltIn">
<arg>${location}</arg>
<arg>.*/quote/.*</arg>
<doc>Fails if ``string`` does not match ``pattern`` as a regular expression.</doc>
<status status="PASS" start="2026-09-13T00:51:44.452989" elapsed="0.003932"/>
</kw>
<status status="PASS" start="2026-09-13T00:51:13.297183" elapsed="31.160602"/>
</kw>
<arg>${YAHOO_RETRY_TIMEOUT}</arg>
<arg>${YAHOO_RETRY_INTERVAL}</arg>
<arg>Current Location Should Match Quote Page</arg>
<doc>Runs the specified keyword and retries if it fails.</doc>
<status status="PASS" start="2026-09-13T00:51:13.291298" elapsed="31.167155"/>
</kw>
<kw name="I Should See The Profile Page Loaded For &quot;${company_name}&quot; ,&quot;${ticker}&quot;" owner="KeywordFiles" source_name="I Should See The Profile Page Loaded For &quot;${company_name}&quot; ,&quot;${ticker}&quot;">
<kw name="Current Location Should Match Quote Page" owner="KeywordFiles">
<kw name="Get Location" owner="SeleniumLibrary">
<msg time="2026-09-13T00:51:45.321073" level="INFO">${location} = https://finance.yahoo.com/quote/ACN/</msg>
<var>${location}</var>
<doc>Returns the current browser window URL.</doc>
<status status="PASS" start="2026-09-13T00:51:44.470474" elapsed="0.850987"/>
</kw>
<kw name="Should Match Regexp" owner="BuiltIn">
<arg>${location}</arg>
<arg>.*/quote/.*</arg>
<doc>Fails if ``string`` does not match ``pattern`` as a regular expression.</doc>
<status status="PASS" start="2026-09-13T00:51:45.323179" elapsed="0.003763"/>
</kw>
<status status="PASS" start="2026-09-13T00:51:44.466998" elapsed="0.860840"/>
</kw>
<kw name="Wait Until Page Contains" owner="SeleniumLibrary">
<arg>${company_name}</arg>
<arg>${YAHOO_WAIT_TIMEOUT}</arg>
<doc>Waits until ``text`` appears on the current page.</doc>
<status status="PASS" start="2026-09-13T00:51:45.329182" elapsed="12.918816"/>
</kw>
<kw name="Wait Until Page Contains Element" owner="SeleniumLibrary">
<arg>xpath://h1[contains(@class,'heading')]</arg>
<arg>${YAHOO_RETRY_INTERVAL}</arg>
<doc>Waits until the element ``locator`` appears on the current page.</doc>
<status status="PASS" start="2026-09-13T00:51:58.250428" elapsed="4.099083"/>
</kw>
<kw name="Get Text" owner="SeleniumLibrary">
<msg time="2026-09-13T00:52:04.943933" level="INFO">${heading} = Accenture plc (ACN)</msg>
<var>${heading}</var>
<arg>xpath://h1[contains(@class,'heading')]</arg>
<doc>Returns the text value of the element identified by ``locator``.</doc>
<status status="PASS" start="2026-09-13T00:52:02.350785" elapsed="2.593536"/>
</kw>
<kw name="Log To Console" owner="BuiltIn">
<arg>Heading text: ${heading}</arg>
<doc>Logs the given message to the console.</doc>
<status status="PASS" start="2026-09-13T00:52:04.945748" elapsed="0.005097"/>
</kw>
<kw name="Should Contain" owner="BuiltIn">
<arg>${heading}</arg>
<arg>${ticker}</arg>
<doc>Fails if ``container`` does not contain ``item`` one or more times.</doc>
<status status="PASS" start="2026-09-13T00:52:04.952122" elapsed="0.003018"/>
</kw>
<kw name="Should Contain" owner="BuiltIn">
<arg>${heading}</arg>
<arg>${company_name}</arg>
<doc>Fails if ``container`` does not contain ``item`` one or more times.</doc>
<status status="PASS" start="2026-09-13T00:52:04.956826" elapsed="0.003103"/>
</kw>
<status status="PASS" start="2026-09-13T00:51:44.462230" elapsed="20.498746"/>
</kw>
<kw name="Close All Browsers" owner="SeleniumLibrary">
<doc>Closes all open browsers and resets the browser cache.</doc>
<status status="PASS" start="2026-09-13T00:52:04.962444" elapsed="4.709328"/>
</kw>
<var name="${line}">ACN,Accenture plc</var>
<status status="PASS" start="2026-09-13T00:51:00.633415" elapsed="69.038598"/>
</iter>
<var>${line}</var>
<value>@{lines}[1:]</value>
<status status="PASS" start="2026-09-13T00:47:21.620311" elapsed="288.051805"/>
</for>
<status status="PASS" start="2026-09-13T00:47:21.537353" elapsed="288.135415"/>
</test>
<kw name="Close All Browsers" owner="SeleniumLibrary" type="TEARDOWN">
<doc>Closes all open browsers and resets the browser cache.</doc>
<status status="PASS" start="2026-09-13T00:52:09.674034" elapsed="0.000268"/>
</kw>
<status status="PASS" start="2026-09-13T00:47:14.709632" elapsed="294.964802"/>
</suite>
<statistics>
<total>
<stat pass="1" fail="0" skip="0">All Tests</stat>
</total>
<tag>
</tag>
<suite>
<stat name="FirstProgram" id="s1" pass="1" fail="0" skip="0">FirstProgram</stat>
</suite>
</statistics>
<errors>
</errors>
</robot>
