<?xml version="1.0" encoding="UTF-8"?>
<robot generator="Robot 4.1 (Python 3.9.6 on win32)" generated="20210822 00:40:42.281" rpa="false" schemaversion="2">
<suite id="s1" name="FirstProgram" source="C:\Users\Mageshwaran T\PycharmProjects\pythonProject\FirstProgram.robot">
<kw name="RobotSetup" library="KeywordFiles" type="SETUP">
<kw name="Open Browser And Maximize" library="KeywordFiles">
<kw name="Open Browser" library="SeleniumLibrary">
<arg>${URL}</arg>
<arg>${Browser}</arg>
<doc>Opens a new browser instance to the optional ``url``.</doc>
<msg timestamp="20210822 00:40:42.459" level="INFO">Opening browser 'Chrome' to base url 'https://nectar.lmnas.com/'.</msg>
<status status="PASS" starttime="20210822 00:40:42.459" endtime="20210822 00:40:49.123"/>
</kw>
<kw name="Maximize Browser Window" library="SeleniumLibrary">
<doc>Maximizes current browser window.</doc>
<status status="PASS" starttime="20210822 00:40:49.123" endtime="20210822 00:40:49.287"/>
</kw>
<kw name="Set Selenium Implicit Wait" library="SeleniumLibrary">
<arg>2</arg>
<doc>Sets the implicit wait value used by Selenium.</doc>
<status status="PASS" starttime="20210822 00:40:49.289" endtime="20210822 00:40:49.291"/>
</kw>
<status status="PASS" starttime="20210822 00:40:42.459" endtime="20210822 00:40:49.291"/>
</kw>
<kw name="Login with userid and password" library="KeywordFiles">
<kw name="Click Element" library="SeleniumLibrary">
<arg>xpath://a[text() ='Login']</arg>
<doc>Click the element identified by ``locator``.</doc>
<msg timestamp="20210822 00:40:49.291" level="INFO">Clicking element 'xpath://a[text() ='Login']'.</msg>
<status status="PASS" starttime="20210822 00:40:49.291" endtime="20210822 00:40:51.412"/>
</kw>
<kw name="Input Text" library="SeleniumLibrary">
<arg>id:login_email</arg>
<arg>${useremail}</arg>
<doc>Types the given ``text`` into the text field identified by ``locator``.</doc>
<msg timestamp="20210822 00:40:51.420" level="INFO">Typing text 'saravanan.ambi@lmnas.com' into text field 'id:login_email'.</msg>
<status status="PASS" starttime="20210822 00:40:51.412" endtime="20210822 00:40:51.670"/>
</kw>
<kw name="Input Text" library="SeleniumLibrary">
<arg>id:login_password</arg>
<arg>${Passoword}</arg>
<doc>Types the given ``text`` into the text field identified by ``locator``.</doc>
<msg timestamp="20210822 00:40:51.670" level="INFO">Typing text 'saran@123' into text field 'id:login_password'.</msg>
<status status="PASS" starttime="20210822 00:40:51.670" endtime="20210822 00:40:51.816"/>
</kw>
<kw name="Click Element" library="SeleniumLibrary">
<arg>xpath://button[contains(text(),'Login')]</arg>
<doc>Click the element identified by ``locator``.</doc>
<msg timestamp="20210822 00:40:51.816" level="INFO">Clicking element 'xpath://button[contains(text(),'Login')]'.</msg>
<status status="PASS" starttime="20210822 00:40:51.816" endtime="20210822 00:40:51.894"/>
</kw>
<kw name="Set Selenium Implicit Wait" library="SeleniumLibrary">
<arg>10</arg>
<doc>Sets the implicit wait value used by Selenium.</doc>
<status status="PASS" starttime="20210822 00:40:51.894" endtime="20210822 00:40:51.898"/>
</kw>
<status status="PASS" starttime="20210822 00:40:49.291" endtime="20210822 00:40:51.898"/>
</kw>
<status status="PASS" starttime="20210822 00:40:42.459" endtime="20210822 00:40:51.898"/>
</kw>
<test id="s1-t1" name="TC1">
<kw name="Element Should Be Visible" library="SeleniumLibrary">
<arg>xpath://h3[text()='Accounting']</arg>
<doc>Verifies that the element identified by ``locator`` is visible.</doc>
<msg timestamp="20210822 00:40:59.489" level="INFO">Element 'xpath://h3[text()='Accounting']' is displayed.</msg>
<status status="PASS" starttime="20210822 00:40:51.898" endtime="20210822 00:40:59.489"/>
</kw>
<status status="PASS" starttime="20210822 00:40:51.898" endtime="20210822 00:40:59.489"/>
</test>
<test id="s1-t2" name="TC2">
<kw name="Click Element" library="SeleniumLibrary">
<arg>//span[text()='Support']</arg>
<doc>Click the element identified by ``locator``.</doc>
<msg timestamp="20210822 00:40:59.497" level="INFO">Clicking element '//span[text()='Support']'.</msg>
<status status="PASS" starttime="20210822 00:40:59.489" endtime="20210822 00:40:59.663"/>
</kw>
<kw name="Element Should Be Visible" library="SeleniumLibrary">
<arg>xpath://h3[text()='Support']</arg>
<doc>Verifies that the element identified by ``locator`` is visible.</doc>
<msg timestamp="20210822 00:40:59.714" level="INFO">Element 'xpath://h3[text()='Support']' is displayed.</msg>
<status status="PASS" starttime="20210822 00:40:59.665" endtime="20210822 00:40:59.714"/>
</kw>
<status status="PASS" starttime="20210822 00:40:59.489" endtime="20210822 00:40:59.714"/>
</test>
<kw name="RobotTeardown" library="KeywordFiles" type="TEARDOWN">
<kw name="Close Browser Window" library="KeywordFiles">
<kw name="Close Browser" library="SeleniumLibrary">
<doc>Closes the current browser.</doc>
<status status="PASS" starttime="20210822 00:40:59.714" endtime="20210822 00:41:01.910"/>
</kw>
<status status="PASS" starttime="20210822 00:40:59.714" endtime="20210822 00:41:01.910"/>
</kw>
<status status="PASS" starttime="20210822 00:40:59.714" endtime="20210822 00:41:01.910"/>
</kw>
<status status="PASS" starttime="20210822 00:40:42.296" endtime="20210822 00:41:01.910"/>
</suite>
<statistics>
<total>
<stat pass="2" fail="0" skip="0">All Tests</stat>
</total>
<tag>
</tag>
<suite>
<stat pass="2" fail="0" skip="0" id="s1" name="FirstProgram">FirstProgram</stat>
</suite>
</statistics>
<errors>
</errors>
</robot>
