<?xml version="1.0" encoding="UTF-8"?>
<robot generator="Robot 7.4.2 (Python 3.14.4 on win32)" generated="2026-07-01T01:15:11.539516" rpa="false" schemaversion="5">
<suite id="s1" name="FirstProgram" source="D:\Coding\Python\Robot\Robotframework\FirstProgram.robot">
<test id="s1-t1" name="Search Company And Verify Profile Page" line="7">
<kw name="I Navigate To &quot;${YAHOO_URL}&quot;" owner="KeywordFiles" source_name="I Navigate To &quot;${url}&quot;">
<kw name="Open Browser" owner="SeleniumLibrary">
<msg time="2026-07-01T01:15:12.356646" level="INFO">Opening browser 'Chrome' to base url 'https://finance.yahoo.com/'.</msg>
<arg>${url}</arg>
<arg>${YAHOO_BROWSER}</arg>
<doc>Opens a new browser instance to the optional ``url``.</doc>
<status status="PASS" start="2026-07-01T01:15:12.355772" elapsed="22.937237"/>
</kw>
<kw name="Wait Until Element Is Visible" owner="SeleniumLibrary">
<arg>${YAHOO_SEARCH_BOX}</arg>
<arg>60s</arg>
<doc>Waits until the element ``locator`` is visible.</doc>
<status status="PASS" start="2026-07-01T01:15:35.295186" elapsed="4.072737"/>
</kw>
<status status="PASS" start="2026-07-01T01:15:12.352697" elapsed="27.015920"/>
</kw>
<kw name="I Enter &quot;${YAHOO_TICKER}&quot; Into The Search Box" owner="KeywordFiles" source_name="I Enter &quot;${text}&quot; Into The Search Box">
<kw name="Set Test Variable" owner="BuiltIn">
<msg time="2026-07-01T01:15:39.381394" level="INFO">${CURRENT_TICKER} = AAPL</msg>
<arg>${CURRENT_TICKER}</arg>
<arg>${text}</arg>
<doc>Makes a variable available everywhere within the scope of the current test.</doc>
<status status="PASS" start="2026-07-01T01:15:39.376806" elapsed="0.004843"/>
</kw>
<kw name="Click Element" owner="SeleniumLibrary">
<msg time="2026-07-01T01:15:39.384058" level="INFO">Clicking element 'css:input[placeholder*="Search"]'.</msg>
<arg>${YAHOO_SEARCH_BOX}</arg>
<doc>Click the element identified by ``locator``.</doc>
<status status="PASS" start="2026-07-01T01:15:39.382716" elapsed="1.694847"/>
</kw>
<kw name="Press Keys" owner="SeleniumLibrary">
<msg time="2026-07-01T01:15:41.079836" level="INFO">Sending key(s) ('CTRL+A',) to css:input[placeholder*="Search"] element.</msg>
<msg time="2026-07-01T01:15:41.804131" level="INFO">Pressing special key CONTROL down.</msg>
<msg time="2026-07-01T01:15:41.804369" level="INFO">Sending key A</msg>
<msg time="2026-07-01T01:15:41.804517" level="INFO">Releasing special key CONTROL.</msg>
<arg>${YAHOO_SEARCH_BOX}</arg>
<arg>CTRL+A</arg>
<doc>Simulates the user pressing key(s) to an element or on the active browser.</doc>
<status status="PASS" start="2026-07-01T01:15:41.078495" elapsed="0.789762"/>
</kw>
<kw name="Press Keys" owner="SeleniumLibrary">
<msg time="2026-07-01T01:15:41.870187" level="INFO">Sending key(s) ('AAPL',) to css:input[placeholder*="Search"] element.</msg>
<msg time="2026-07-01T01:15:42.546452" level="INFO">Sending keys AAPL</msg>
<arg>${YAHOO_SEARCH_BOX}</arg>
<arg>${text}</arg>
<doc>Simulates the user pressing key(s) to an element or on the active browser.</doc>
<status status="PASS" start="2026-07-01T01:15:41.868928" elapsed="0.885868"/>
</kw>
<status status="PASS" start="2026-07-01T01:15:39.375165" elapsed="3.380001"/>
</kw>
<kw name="I Select The Option Matching &quot;${YAHOO_COMPANY_NAME}&quot;" owner="KeywordFiles" source_name="I Select The Option Matching &quot;${company_name}&quot;">
<kw name="Wait Until Element Is Visible" owner="SeleniumLibrary">
<arg>xpath://li[contains(., "${company_name}")]</arg>
<arg>60s</arg>
<doc>Waits until the element ``locator`` is visible.</doc>
<status status="PASS" start="2026-07-01T01:15:42.758081" elapsed="1.133629"/>
</kw>
<kw name="Click Element" owner="SeleniumLibrary">
<msg time="2026-07-01T01:15:43.893283" level="INFO">Clicking element 'xpath:(//li[contains(., "Apple Inc.")])[1]'.</msg>
<arg>xpath:(//li[contains(., "${company_name}")])[1]</arg>
<doc>Click the element identified by ``locator``.</doc>
<status status="PASS" start="2026-07-01T01:15:43.892371" elapsed="1.315317"/>
</kw>
<kw name="Wait Until Keyword Succeeds" owner="BuiltIn">
<kw name="Current Location Should Match Quote Page" owner="KeywordFiles">
<kw name="Get Location" owner="SeleniumLibrary">
<msg time="2026-07-01T01:15:45.318767" level="INFO">${location} = https://finance.yahoo.com/</msg>
<var>${location}</var>
<doc>Returns the current browser window URL.</doc>
<status status="PASS" start="2026-07-01T01:15:45.211668" elapsed="0.107242"/>
</kw>
<kw name="Should Match Regexp" owner="BuiltIn">
<msg time="2026-07-01T01:15:45.321797" level="FAIL">'https://finance.yahoo.com/' does not match '.*/quote/AAPL/?.*'</msg>
<arg>${location}</arg>
<arg>.*/quote/${CURRENT_TICKER}/?.*</arg>
<doc>Fails if ``string`` does not match ``pattern`` as a regular expression.</doc>
<status status="FAIL" start="2026-07-01T01:15:45.319677" elapsed="0.002999">'https://finance.yahoo.com/' does not match '.*/quote/AAPL/?.*'</status>
</kw>
<status status="FAIL" start="2026-07-01T01:15:45.210657" elapsed="0.112570">'https://finance.yahoo.com/' does not match '.*/quote/AAPL/?.*'</status>
</kw>
<kw name="Current Location Should Match Quote Page" owner="KeywordFiles">
<kw name="Get Location" owner="SeleniumLibrary">
<msg time="2026-07-01T01:15:46.730267" level="INFO">${location} = https://finance.yahoo.com/</msg>
<var>${location}</var>
<doc>Returns the current browser window URL.</doc>
<status status="PASS" start="2026-07-01T01:15:46.325931" elapsed="0.404664"/>
</kw>
<kw name="Should Match Regexp" owner="BuiltIn">
<msg time="2026-07-01T01:15:46.732892" level="FAIL">'https://finance.yahoo.com/' does not match '.*/quote/AAPL/?.*'</msg>
<arg>${location}</arg>
<arg>.*/quote/${CURRENT_TICKER}/?.*</arg>
<doc>Fails if ``string`` does not match ``pattern`` as a regular expression.</doc>
<status status="FAIL" start="2026-07-01T01:15:46.731386" elapsed="0.001760">'https://finance.yahoo.com/' does not match '.*/quote/AAPL/?.*'</status>
</kw>
<status status="FAIL" start="2026-07-01T01:15:46.324652" elapsed="0.409116">'https://finance.yahoo.com/' does not match '.*/quote/AAPL/?.*'</status>
</kw>
<kw name="Current Location Should Match Quote Page" owner="KeywordFiles">
<kw name="Get Location" owner="SeleniumLibrary">
<msg time="2026-07-01T01:15:50.973840" level="INFO">${location} = https://finance.yahoo.com/quote/AAPL/</msg>
<var>${location}</var>
<doc>Returns the current browser window URL.</doc>
<status status="PASS" start="2026-07-01T01:15:47.736392" elapsed="3.237682"/>
</kw>
<kw name="Should Match Regexp" owner="BuiltIn">
<arg>${location}</arg>
<arg>.*/quote/${CURRENT_TICKER}/?.*</arg>
<doc>Fails if ``string`` does not match ``pattern`` as a regular expression.</doc>
<status status="PASS" start="2026-07-01T01:15:50.974636" elapsed="0.001212"/>
</kw>
<status status="PASS" start="2026-07-01T01:15:47.735022" elapsed="3.241265"/>
</kw>
<arg>60s</arg>
<arg>1s</arg>
<arg>Current Location Should Match Quote Page</arg>
<doc>Runs the specified keyword and retries if it fails.</doc>
<status status="PASS" start="2026-07-01T01:15:45.208386" elapsed="5.768090"/>
</kw>
<status status="PASS" start="2026-07-01T01:15:42.756550" elapsed="8.220139"/>
</kw>
<kw name="I Should See The Profile Page Loaded For &quot;${YAHOO_COMPANY_NAME}&quot;" owner="KeywordFiles" source_name="I Should See The Profile Page Loaded For &quot;${company_name}&quot;">
<kw name="Current Location Should Match Quote Page" owner="KeywordFiles">
<kw name="Get Location" owner="SeleniumLibrary">
<msg time="2026-07-01T01:16:10.794772" level="INFO">${location} = https://finance.yahoo.com/quote/AAPL/</msg>
<var>${location}</var>
<doc>Returns the current browser window URL.</doc>
<status status="PASS" start="2026-07-01T01:15:50.981361" elapsed="19.813631"/>
</kw>
<kw name="Should Match Regexp" owner="BuiltIn">
<arg>${location}</arg>
<arg>.*/quote/${CURRENT_TICKER}/?.*</arg>
<doc>Fails if ``string`` does not match ``pattern`` as a regular expression.</doc>
<status status="PASS" start="2026-07-01T01:16:10.795835" elapsed="0.002482"/>
</kw>
<status status="PASS" start="2026-07-01T01:15:50.980428" elapsed="19.818322"/>
</kw>
<kw name="Wait Until Element Is Visible" owner="SeleniumLibrary">
<arg>xpath://h1[contains(., "${company_name}")]</arg>
<arg>60s</arg>
<doc>Waits until the element ``locator`` is visible.</doc>
<status status="PASS" start="2026-07-01T01:16:10.799901" elapsed="0.584836"/>
</kw>
<kw name="Create Directory" owner="OperatingSystem">
<msg time="2026-07-01T01:16:11.388255" level="INFO" html="true">Created directory '&lt;a href="file://D:\Coding\Python\Robot\Robotframework\screenshots"&gt;D:\Coding\Python\Robot\Robotframework\screenshots&lt;/a&gt;'.</msg>
<arg>${SCREENSHOT_DIR}</arg>
<doc>Creates the specified directory.</doc>
<status status="PASS" start="2026-07-01T01:16:11.385964" elapsed="0.002730"/>
</kw>
<kw name="Capture Page Screenshot" owner="SeleniumLibrary">
<msg time="2026-07-01T01:16:11.969279" level="INFO" html="true">&lt;/td&gt;&lt;/tr&gt;&lt;tr&gt;&lt;td colspan="3"&gt;&lt;a href="screenshots/aapl_page.png"&gt;&lt;img src="screenshots/aapl_page.png" width="800px"&gt;&lt;/a&gt;</msg>
<arg>${SCREENSHOT_DIR}/${CURRENT_TICKER.lower()}_page.png</arg>
<doc>Takes a screenshot of the current page and embeds it into a log file.</doc>
<status status="PASS" start="2026-07-01T01:16:11.389606" elapsed="0.580189"/>
</kw>
<status status="PASS" start="2026-07-01T01:15:50.979135" elapsed="20.991074"/>
</kw>
<status status="PASS" start="2026-07-01T01:15:12.350282" elapsed="59.621882"/>
</test>
<kw name="Close All Browsers" owner="SeleniumLibrary" type="TEARDOWN">
<doc>Closes all open browsers and resets the browser cache.</doc>
<status status="PASS" start="2026-07-01T01:16:11.983521" elapsed="3.720400"/>
</kw>
<status status="PASS" start="2026-07-01T01:15:11.544737" elapsed="64.159496"/>
</suite>
<statistics>
<total>
<stat pass="1" fail="0" skip="0">All Tests</stat>
</total>
<tag>
</tag>
<suite>
<stat name="FirstProgram" id="s1" pass="1" fail="0" skip="0">FirstProgram</stat>
</suite>
</statistics>
<errors>
</errors>
</robot>
