<?xml version="1.0" encoding="UTF-8"?>
<robot generator="Robot 7.4.2 (Python 3.14.7 on win32)" generated="2026-09-14T00:59:23.597939" rpa="false" schemaversion="5">
<suite id="s1" name="Apitest" source="D:\Coding\Python\Robot\Robotframework\apitest.robot">
<test id="s1-t1" name="Get Post By ID" line="10">
<kw name="Create Session" owner="RequestsLibrary">
<msg time="2026-09-14T00:59:23.909262" level="INFO">Creating Session using : alias=jsonplaceholder, url=https://jsonplaceholder.typicode.com, headers={},                     cookies={}, auth=None, timeout=None, proxies=None, verify=False,                     debug=0 </msg>
<arg>alias=jsonplaceholder</arg>
<arg>url=${BASE_URL}</arg>
<doc>Create Session: create a HTTP session to a server</doc>
<status status="PASS" start="2026-09-14T00:59:23.908587" elapsed="0.001764"/>
</kw>
<kw name="GET On Session" owner="RequestsLibrary">
<msg time="2026-09-14T00:59:24.182592" level="INFO">GET Request : url=https://jsonplaceholder.typicode.com/posts/2 
 path_url=/posts/2 
 headers={'User-Agent': 'python-requests/2.34.2', 'Accept-Encoding': 'gzip, deflate, zstd', 'Accept': '*/*', 'Connection': 'keep-alive'} 
 body=None 
 </msg>
<msg time="2026-09-14T00:59:24.182944" level="INFO">GET Response : url=https://jsonplaceholder.typicode.com/posts/2 
 status=200, reason=OK 
 headers={'Date': 'Sun, 13 Sep 2026 19:29:25 GMT', 'Content-Type': 'application/json; charset=utf-8', 'Transfer-Encoding': 'chunked', 'Connection': 'keep-alive', 'access-control-allow-credentials': 'true', 'Cache-Control': 'max-age=43200', 'etag': 'W/"116-jnDuMpjju89+9j7e0BqkdFsVRjs"', 'expires': '-1', 'nel': '{"report_to":"heroku-nel","response_headers":["Via"],"max_age":3600,"success_fraction":0.01,"failure_fraction":0.1}', 'pragma': 'no-cache', 'report-to': '{"group":"heroku-nel","endpoints":[{"url":"https://nel.heroku.com/reports?s=Dih2Yhgy5RRk31cJEnJS3eyBllYUibuCLa0MKYC4SP0%3D\\u0026sid=e11707d5-02a7-43ef-b45e-2cf4d2036f7d\\u0026ts=1789322417"}],"max_age":3600}', 'reporting-endpoints': 'heroku-nel="https://nel.heroku.com/reports?s=Dih2Yhgy5RRk31cJEnJS3eyBllYUibuCLa0MKYC4SP0%3D&amp;sid=e11707d5-02a7-43ef-b45e-2cf4d2036f7d&amp;ts=1789322417"', 'Server': 'cloudflare', 'vary': 'Origin, Accept-Encoding', 'via': '2.0 heroku-router', 'x-content-type-options': 'nosniff', 'x-powered-by': 'Express', 'x-ratelimit-limit': '1000', 'x-ratelimit-remaining': '999', 'x-ratelimit-reset': '1789322473', 'Age': '5347', 'cf-cache-status': 'HIT', 'Content-Encoding': 'zstd', 'CF-RAY': 'a3a98f843bc5a996-SIN', 'alt-svc': 'h3=":443"; ma=86400'} 
 body={
  "userId": 1,
  "id": 2,
  "title": "qui est esse",
  "body": "est rerum tempore vitae\nsequi sint nihil reprehenderit dolor beatae ea dolores neque\nfugiat blanditiis voluptate porro vel nihil molestiae ut reiciendis\nqui aperiam non debitis possimus qui neque nisi nulla"
} 
 </msg>
<msg time="2026-09-14T00:59:24.183130" level="INFO">C:\Users\Mageshwaran T\AppData\Roaming\Python\Python314\site-packages\urllib3\connectionpool.py:1110: InsecureRequestWarning: Unverified HTTPS request is being made to host 'jsonplaceholder.typicode.com'. Adding certificate verification is strongly advised. See: https://urllib3.readthedocs.io/en/latest/advanced-usage.html#tls-warnings
  warnings.warn(</msg>
<msg time="2026-09-14T00:59:24.183565" level="INFO">${response} = &lt;Response [200]&gt;</msg>
<var>${response}</var>
<arg>alias=jsonplaceholder</arg>
<arg>url=/posts/${POST_ID}</arg>
<doc>Sends a GET request on a previously created HTTP Session.</doc>
<status status="PASS" start="2026-09-14T00:59:23.910792" elapsed="0.272861"/>
</kw>
<kw name="Log" owner="BuiltIn">
<msg time="2026-09-14T00:59:24.186828" level="INFO">Success! Status Code: 200</msg>
<arg>Success! Status Code: ${response.status_code}</arg>
<doc>Logs the given message with the given level.</doc>
<status status="PASS" start="2026-09-14T00:59:24.184185" elapsed="0.002798"/>
</kw>
<kw name="Log" owner="BuiltIn">
<msg time="2026-09-14T00:59:24.188949" level="INFO">Response Data: {'userId': 1, 'id': 2, 'title': 'qui est esse', 'body': 'est rerum tempore vitae\nsequi sint nihil reprehenderit dolor beatae ea dolores neque\nfugiat blanditiis voluptate porro vel nihil molestiae ut reiciendis\nqui aperiam non debitis possimus qui neque nisi nulla'}</msg>
<arg>Response Data: ${response.json()}</arg>
<doc>Logs the given message with the given level.</doc>
<status status="PASS" start="2026-09-14T00:59:24.187502" elapsed="0.001569"/>
</kw>
<kw name="Should Be Equal As Integers" owner="BuiltIn">
<msg time="2026-09-14T00:59:24.190815" level="INFO">Argument types are:
&lt;class 'int'&gt;
&lt;class 'str'&gt;</msg>
<arg>${response.status_code}</arg>
<arg>200</arg>
<doc>Fails if objects are unequal after converting them to integers.</doc>
<status status="PASS" start="2026-09-14T00:59:24.189564" elapsed="0.001426"/>
</kw>
<kw name="Dictionary Should Contain Key" owner="Collections">
<arg>${response.json()}</arg>
<arg>id</arg>
<doc>Fails if ``key`` is not found from ``dictionary``.</doc>
<status status="PASS" start="2026-09-14T00:59:24.191480" elapsed="0.001180"/>
</kw>
<kw name="Should Be Equal As Integers" owner="BuiltIn">
<msg time="2026-09-14T00:59:24.194238" level="INFO">Argument types are:
&lt;class 'int'&gt;
&lt;class 'str'&gt;</msg>
<arg>${response.json()}[id]</arg>
<arg>${POST_ID}</arg>
<doc>Fails if objects are unequal after converting them to integers.</doc>
<status status="PASS" start="2026-09-14T00:59:24.193137" elapsed="0.001257"/>
</kw>
<doc>Fetch a post by ID - replicates run(post_id)</doc>
<status status="PASS" start="2026-09-14T00:59:23.906475" elapsed="0.288355"/>
</test>
<test id="s1-t2" name="Delete Post By ID" line="20">
<kw name="DELETE On Session" owner="RequestsLibrary">
<msg time="2026-09-14T00:59:24.586567" level="INFO">DELETE Request : url=https://jsonplaceholder.typicode.com/posts/2 
 path_url=/posts/2 
 headers={'User-Agent': 'python-requests/2.34.2', 'Accept-Encoding': 'gzip, deflate, zstd', 'Accept': '*/*', 'Connection': 'keep-alive', 'Content-Length': '0'} 
 body=None 
 </msg>
<msg time="2026-09-14T00:59:24.586834" level="INFO">DELETE Response : url=https://jsonplaceholder.typicode.com/posts/2 
 status=200, reason=OK 
 headers={'Date': 'Sun, 13 Sep 2026 19:29:25 GMT', 'Content-Type': 'application/json; charset=utf-8', 'Content-Length': '2', 'Connection': 'keep-alive', 'access-control-allow-credentials': 'true', 'Cache-Control': 'no-cache', 'etag': 'W/"2-vyGp6PvFo4RvsFtPoIWeCReyIC8"', 'expires': '-1', 'nel': '{"report_to":"heroku-nel","response_headers":["Via"],"max_age":3600,"success_fraction":0.01,"failure_fraction":0.1}', 'pragma': 'no-cache', 'report-to': '{"group":"heroku-nel","endpoints":[{"url":"https://nel.heroku.com/reports?s=SLpAOglckWyPNmhfZwDMRbNCpc0RnZ17VeoFFFla9a8%3D\\u0026sid=e11707d5-02a7-43ef-b45e-2cf4d2036f7d\\u0026ts=1789327765"}],"max_age":3600}', 'reporting-endpoints': 'heroku-nel="https://nel.heroku.com/reports?s=SLpAOglckWyPNmhfZwDMRbNCpc0RnZ17VeoFFFla9a8%3D&amp;sid=e11707d5-02a7-43ef-b45e-2cf4d2036f7d&amp;ts=1789327765"', 'Server': 'cloudflare', 'vary': 'Origin, Accept-Encoding', 'via': '2.0 heroku-router', 'x-content-type-options': 'nosniff', 'x-powered-by': 'Express', 'x-ratelimit-limit': '1000', 'x-ratelimit-remaining': '999', 'x-ratelimit-reset': '1789327813', 'cf-cache-status': 'DYNAMIC', 'CF-RAY': 'a3a98f84bc11a996-SIN', 'alt-svc': 'h3=":443"; ma=86400'} 
 body={} 
 </msg>
<msg time="2026-09-14T00:59:24.587020" level="INFO">C:\Users\Mageshwaran T\AppData\Roaming\Python\Python314\site-packages\urllib3\connectionpool.py:1110: InsecureRequestWarning: Unverified HTTPS request is being made to host 'jsonplaceholder.typicode.com'. Adding certificate verification is strongly advised. See: https://urllib3.readthedocs.io/en/latest/advanced-usage.html#tls-warnings
  warnings.warn(</msg>
<msg time="2026-09-14T00:59:24.587538" level="INFO">${response} = &lt;Response [200]&gt;</msg>
<var>${response}</var>
<arg>alias=jsonplaceholder</arg>
<arg>url=/posts/${POST_ID}</arg>
<doc>Sends a DELETE request on a previously created HTTP Session.</doc>
<status status="PASS" start="2026-09-14T00:59:24.196548" elapsed="0.391088"/>
</kw>
<kw name="Log" owner="BuiltIn">
<msg time="2026-09-14T00:59:24.589829" level="INFO">Success! Status Code: 200</msg>
<arg>Success! Status Code: ${response.status_code}</arg>
<doc>Logs the given message with the given level.</doc>
<status status="PASS" start="2026-09-14T00:59:24.588212" elapsed="0.001756"/>
</kw>
<kw name="Log" owner="BuiltIn">
<msg time="2026-09-14T00:59:24.591134" level="INFO">Post 2 deleted successfully</msg>
<arg>Post ${POST_ID} deleted successfully</arg>
<doc>Logs the given message with the given level.</doc>
<status status="PASS" start="2026-09-14T00:59:24.590469" elapsed="0.000774"/>
</kw>
<kw name="Should Be Equal As Integers" owner="BuiltIn">
<msg time="2026-09-14T00:59:24.592687" level="INFO">Argument types are:
&lt;class 'int'&gt;
&lt;class 'str'&gt;</msg>
<arg>${response.status_code}</arg>
<arg>200</arg>
<doc>Fails if objects are unequal after converting them to integers.</doc>
<status status="PASS" start="2026-09-14T00:59:24.591719" elapsed="0.001077"/>
</kw>
<doc>Delete a post by ID - replicates delete(post_id)</doc>
<status status="PASS" start="2026-09-14T00:59:24.195687" elapsed="0.397527"/>
</test>
<test id="s1-t3" name="Get Post After Delete" line="27">
<kw name="GET On Session" owner="RequestsLibrary">
<msg time="2026-09-14T00:59:24.644389" level="INFO">GET Request : url=https://jsonplaceholder.typicode.com/posts/2 
 path_url=/posts/2 
 headers={'User-Agent': 'python-requests/2.34.2', 'Accept-Encoding': 'gzip, deflate, zstd', 'Accept': '*/*', 'Connection': 'keep-alive'} 
 body=None 
 </msg>
<msg time="2026-09-14T00:59:24.644575" level="INFO">GET Response : url=https://jsonplaceholder.typicode.com/posts/2 
 status=200, reason=OK 
 headers={'Date': 'Sun, 13 Sep 2026 19:29:25 GMT', 'Content-Type': 'application/json; charset=utf-8', 'Transfer-Encoding': 'chunked', 'Connection': 'keep-alive', 'access-control-allow-credentials': 'true', 'Cache-Control': 'max-age=43200', 'etag': 'W/"116-jnDuMpjju89+9j7e0BqkdFsVRjs"', 'expires': '-1', 'nel': '{"report_to":"heroku-nel","response_headers":["Via"],"max_age":3600,"success_fraction":0.01,"failure_fraction":0.1}', 'pragma': 'no-cache', 'report-to': '{"group":"heroku-nel","endpoints":[{"url":"https://nel.heroku.com/reports?s=Dih2Yhgy5RRk31cJEnJS3eyBllYUibuCLa0MKYC4SP0%3D\\u0026sid=e11707d5-02a7-43ef-b45e-2cf4d2036f7d\\u0026ts=1789322417"}],"max_age":3600}', 'reporting-endpoints': 'heroku-nel="https://nel.heroku.com/reports?s=Dih2Yhgy5RRk31cJEnJS3eyBllYUibuCLa0MKYC4SP0%3D&amp;sid=e11707d5-02a7-43ef-b45e-2cf4d2036f7d&amp;ts=1789322417"', 'Server': 'cloudflare', 'vary': 'Origin, Accept-Encoding', 'via': '2.0 heroku-router', 'x-content-type-options': 'nosniff', 'x-powered-by': 'Express', 'x-ratelimit-limit': '1000', 'x-ratelimit-remaining': '999', 'x-ratelimit-reset': '1789322473', 'Age': '5347', 'cf-cache-status': 'HIT', 'Content-Encoding': 'zstd', 'CF-RAY': 'a3a98f873e15a996-SIN', 'alt-svc': 'h3=":443"; ma=86400'} 
 body={
  "userId": 1,
  "id": 2,
  "title": "qui est esse",
  "body": "est rerum tempore vitae\nsequi sint nihil reprehenderit dolor beatae ea dolores neque\nfugiat blanditiis voluptate porro vel nihil molestiae ut reiciendis\nqui aperiam non debitis possimus qui neque nisi nulla"
} 
 </msg>
<msg time="2026-09-14T00:59:24.644729" level="INFO">C:\Users\Mageshwaran T\AppData\Roaming\Python\Python314\site-packages\urllib3\connectionpool.py:1110: InsecureRequestWarning: Unverified HTTPS request is being made to host 'jsonplaceholder.typicode.com'. Adding certificate verification is strongly advised. See: https://urllib3.readthedocs.io/en/latest/advanced-usage.html#tls-warnings
  warnings.warn(</msg>
<msg time="2026-09-14T00:59:24.645267" level="INFO">${response} = &lt;Response [200]&gt;</msg>
<var>${response}</var>
<arg>alias=jsonplaceholder</arg>
<arg>url=/posts/${POST_ID}</arg>
<doc>Sends a GET request on a previously created HTTP Session.</doc>
<status status="PASS" start="2026-09-14T00:59:24.594758" elapsed="0.050612"/>
</kw>
<kw name="Log" owner="BuiltIn">
<msg time="2026-09-14T00:59:24.647167" level="INFO">Success! Status Code: 200</msg>
<arg>Success! Status Code: ${response.status_code}</arg>
<doc>Logs the given message with the given level.</doc>
<status status="PASS" start="2026-09-14T00:59:24.645958" elapsed="0.001311"/>
</kw>
<kw name="Log" owner="BuiltIn">
<msg time="2026-09-14T00:59:24.649258" level="INFO">Response Data: {'userId': 1, 'id': 2, 'title': 'qui est esse', 'body': 'est rerum tempore vitae\nsequi sint nihil reprehenderit dolor beatae ea dolores neque\nfugiat blanditiis voluptate porro vel nihil molestiae ut reiciendis\nqui aperiam non debitis possimus qui neque nisi nulla'}</msg>
<arg>Response Data: ${response.json()}</arg>
<doc>Logs the given message with the given level.</doc>
<status status="PASS" start="2026-09-14T00:59:24.647745" elapsed="0.001641"/>
</kw>
<kw name="Should Be Equal As Integers" owner="BuiltIn">
<msg time="2026-09-14T00:59:24.651803" level="INFO">Argument types are:
&lt;class 'int'&gt;
&lt;class 'str'&gt;</msg>
<arg>${response.status_code}</arg>
<arg>200</arg>
<doc>Fails if objects are unequal after converting them to integers.</doc>
<status status="PASS" start="2026-09-14T00:59:24.649822" elapsed="0.002562"/>
</kw>
<doc>Fetch post again after delete - replicates run(post_id) after delete</doc>
<status status="PASS" start="2026-09-14T00:59:24.593854" elapsed="0.059800"/>
</test>
<status status="PASS" start="2026-09-14T00:59:23.600086" elapsed="1.055139"/>
</suite>
<statistics>
<total>
<stat pass="3" fail="0" skip="0">All Tests</stat>
</total>
<tag>
</tag>
<suite>
<stat name="Apitest" id="s1" pass="3" fail="0" skip="0">Apitest</stat>
</suite>
</statistics>
<errors>
</errors>
</robot>
