<?xml version="1.0" encoding="UTF-8"?>
<robot generator="Robot 7.4.2 (Python 3.14.7 on win32)" generated="2026-09-14T00:21:17.300463" rpa="false" schemaversion="5">
<suite id="s1" name="FirstProgram" source="D:\Coding\Python\Robot\Robotframework\FirstProgram.robot">
<test id="s1-t1" name="Search Companies And Verify Profile Pages" line="9">
<kw name="Get File" owner="OperatingSystem">
<msg time="2026-09-14T00:21:17.980269" level="INFO" html="true">Getting file '&lt;a href="file://D:\Coding\Python\Robot\Robotframework\companies.csv"&gt;D:\Coding\Python\Robot\Robotframework\companies.csv&lt;/a&gt;'.</msg>
<msg time="2026-09-14T00:21:17.981283" level="INFO">${csv} = ticker,company_name
AAPL,Apple Inc.
MSFT,Microsoft Corporation
ACN,Accenture plc
</msg>
<var>${csv}</var>
<arg>${COMPANY_DATA_FILE}</arg>
<doc>Returns the contents of a specified file.</doc>
<status status="PASS" start="2026-09-14T00:21:17.979579" elapsed="0.001757"/>
</kw>
<kw name="Split To Lines" owner="String">
<msg time="2026-09-14T00:21:17.981959" level="INFO">4 lines returned.</msg>
<msg time="2026-09-14T00:21:17.982085" level="INFO">@{lines} = [ ticker,company_name | AAPL,Apple Inc. | MSFT,Microsoft Corporation | ACN,Accenture plc ]</msg>
<var>@{lines}</var>
<arg>${csv}</arg>
<doc>Splits the given string to lines.</doc>
<status status="PASS" start="2026-09-14T00:21:17.981717" elapsed="0.000410"/>
</kw>
<for flavor="IN">
<iter>
<kw name="Split String" owner="String">
<msg time="2026-09-14T00:21:17.984047" level="INFO">@{row} = [ AAPL | Apple Inc. ]</msg>
<var>@{row}</var>
<arg>${line}</arg>
<arg>,</arg>
<doc>Splits the ``string`` using ``separator`` as a delimiter string.</doc>
<status status="PASS" start="2026-09-14T00:21:17.983194" elapsed="0.000900"/>
</kw>
<kw name="Strip String" owner="String">
<msg time="2026-09-14T00:21:17.984491" level="INFO">${ticker} = AAPL</msg>
<var>${ticker}</var>
<arg>${row}[0]</arg>
<doc>Remove leading and/or trailing whitespaces from the given string.</doc>
<status status="PASS" start="2026-09-14T00:21:17.984256" elapsed="0.000273"/>
</kw>
<kw name="Strip String" owner="String">
<msg time="2026-09-14T00:21:17.984884" level="INFO">${company_name} = Apple Inc.</msg>
<var>${company_name}</var>
<arg>${row}[1]</arg>
<doc>Remove leading and/or trailing whitespaces from the given string.</doc>
<status status="PASS" start="2026-09-14T00:21:17.984674" elapsed="0.000241"/>
</kw>
<kw name="Open Yahoo Browser" owner="KeywordFiles">
<kw name="Evaluate" owner="BuiltIn">
<msg time="2026-09-14T00:21:17.992175" level="INFO">${options} = &lt;selenium.webdriver.chrome.options.Options object at 0x000001B3401A92B0&gt;</msg>
<var>${options}</var>
<arg>sys.modules['selenium.webdriver'].ChromeOptions()</arg>
<arg>sys, selenium.webdriver</arg>
<doc>Evaluates the given expression in Python and returns the result.</doc>
<status status="PASS" start="2026-09-14T00:21:17.986565" elapsed="0.005666"/>
</kw>
<kw name="Call Method" owner="BuiltIn">
<arg>${options}</arg>
<arg>add_argument</arg>
<arg>--window-size\=1920,1080</arg>
<doc>Calls the named method of the given object with the provided arguments.</doc>
<status status="PASS" start="2026-09-14T00:21:17.992435" elapsed="0.000478"/>
</kw>
<if>
<branch type="IF" condition="'${YAHOO_HEADLESS}' == 'true'">
<kw name="Call Method" owner="BuiltIn">
<arg>${options}</arg>
<arg>add_argument</arg>
<arg>--headless\=new</arg>
<doc>Calls the named method of the given object with the provided arguments.</doc>
<status status="NOT RUN" start="2026-09-14T00:21:17.993400" elapsed="0.000036"/>
</kw>
<kw name="Call Method" owner="BuiltIn">
<arg>${options}</arg>
<arg>add_argument</arg>
<arg>--no-sandbox</arg>
<doc>Calls the named method of the given object with the provided arguments.</doc>
<status status="NOT RUN" start="2026-09-14T00:21:17.993563" elapsed="0.000028"/>
</kw>
<kw name="Call Method" owner="BuiltIn">
<arg>${options}</arg>
<arg>add_argument</arg>
<arg>--disable-dev-shm-usage</arg>
<doc>Calls the named method of the given object with the provided arguments.</doc>
<status status="NOT RUN" start="2026-09-14T00:21:17.993701" elapsed="0.000029"/>
</kw>
<status status="NOT RUN" start="2026-09-14T00:21:17.993099" elapsed="0.000679"/>
</branch>
<status status="PASS" start="2026-09-14T00:21:17.993046" elapsed="0.000785"/>
</if>
<kw name="Open Browser" owner="SeleniumLibrary">
<msg time="2026-09-14T00:21:17.994443" level="INFO">Opening browser 'Chrome' to base url 'https://finance.yahoo.com/'.</msg>
<arg>${url}</arg>
<arg>${YAHOO_BROWSER}</arg>
<arg>options=${options}</arg>
<doc>Opens a new browser instance to the optional ``url``.</doc>
<status status="PASS" start="2026-09-14T00:21:17.993986" elapsed="10.318312"/>
</kw>
<arg>${YAHOO_URL}</arg>
<status status="PASS" start="2026-09-14T00:21:17.985637" elapsed="10.327666"/>
</kw>
<kw name="Search For Ticker And Open First Suggestion" owner="KeywordFiles">
<kw name="Wait Until Element Is Visible" owner="SeleniumLibrary">
<arg>${YAHOO_SEARCH_BOX}</arg>
<arg>${YAHOO_WAIT_TIMEOUT}</arg>
<doc>Waits until the element ``locator`` is visible.</doc>
<status status="PASS" start="2026-09-14T00:21:28.316770" elapsed="8.473785"/>
</kw>
<kw name="Input Text" owner="SeleniumLibrary">
<msg time="2026-09-14T00:21:36.792864" level="INFO">Typing text 'AAPL' into text field 'id=ybar-sbq'.</msg>
<arg>${YAHOO_SEARCH_BOX}</arg>
<arg>${ticker}</arg>
<doc>Types the given ``text`` into the text field identified by ``locator``.</doc>
<status status="PASS" start="2026-09-14T00:21:36.791431" elapsed="4.048551"/>
</kw>
<kw name="Wait Until Element Is Visible" owner="SeleniumLibrary">
<arg>${YAHOO_FIRST_SEARCH_RESULT}</arg>
<arg>${YAHOO_WAIT_TIMEOUT}</arg>
<doc>Waits until the element ``locator`` is visible.</doc>
<status status="PASS" start="2026-09-14T00:21:40.840528" elapsed="1.309338"/>
</kw>
<kw name="Mouse Over" owner="SeleniumLibrary">
<msg time="2026-09-14T00:21:42.151939" level="INFO">Simulating Mouse Over on element 'xpath:(//*[@data-test='srch-sym'])[1]'.</msg>
<arg>${YAHOO_FIRST_SEARCH_RESULT}</arg>
<doc>Simulates hovering the mouse over the element ``locator``.</doc>
<status status="PASS" start="2026-09-14T00:21:42.150713" elapsed="0.371921"/>
</kw>
<kw name="Click Element" owner="SeleniumLibrary">
<msg time="2026-09-14T00:21:42.524175" level="INFO">Clicking element 'xpath:(//*[@data-test='srch-sym'])[1]'.</msg>
<arg>${YAHOO_FIRST_SEARCH_RESULT}</arg>
<doc>Click the element identified by ``locator``.</doc>
<status status="PASS" start="2026-09-14T00:21:42.523254" elapsed="0.462569"/>
</kw>
<kw name="Wait Until Keyword Succeeds" owner="BuiltIn">
<kw name="Current Location Should Match Quote Page" owner="KeywordFiles">
<kw name="Get Location" owner="SeleniumLibrary">
<msg time="2026-09-14T00:21:43.029095" level="INFO">${location} = https://finance.yahoo.com/</msg>
<var>${location}</var>
<doc>Returns the current browser window URL.</doc>
<status status="PASS" start="2026-09-14T00:21:42.989392" elapsed="0.039855"/>
</kw>
<kw name="Should Match Regexp" owner="BuiltIn">
<msg time="2026-09-14T00:21:43.031276" level="FAIL">'https://finance.yahoo.com/' does not match '.*/quote/.*'</msg>
<arg>${location}</arg>
<arg>.*/quote/.*</arg>
<doc>Fails if ``string`` does not match ``pattern`` as a regular expression.</doc>
<status status="FAIL" start="2026-09-14T00:21:43.029733" elapsed="0.002101">'https://finance.yahoo.com/' does not match '.*/quote/.*'</status>
</kw>
<status status="FAIL" start="2026-09-14T00:21:42.988555" elapsed="0.043762">'https://finance.yahoo.com/' does not match '.*/quote/.*'</status>
</kw>
<kw name="Current Location Should Match Quote Page" owner="KeywordFiles">
<kw name="Get Location" owner="SeleniumLibrary">
<msg time="2026-09-14T00:21:47.929715" level="INFO">${location} = https://finance.yahoo.com/quote/AAPL/</msg>
<var>${location}</var>
<doc>Returns the current browser window URL.</doc>
<status status="PASS" start="2026-09-14T00:21:46.034631" elapsed="1.895203"/>
</kw>
<kw name="Should Match Regexp" owner="BuiltIn">
<arg>${location}</arg>
<arg>.*/quote/.*</arg>
<doc>Fails if ``string`` does not match ``pattern`` as a regular expression.</doc>
<status status="PASS" start="2026-09-14T00:21:47.930298" elapsed="0.001441"/>
</kw>
<status status="PASS" start="2026-09-14T00:21:46.033537" elapsed="1.898721"/>
</kw>
<arg>${YAHOO_RETRY_TIMEOUT}</arg>
<arg>${YAHOO_RETRY_INTERVAL}</arg>
<arg>Current Location Should Match Quote Page</arg>
<doc>Runs the specified keyword and retries if it fails.</doc>
<status status="PASS" start="2026-09-14T00:21:42.986393" elapsed="4.946119"/>
</kw>
<arg>${ticker}</arg>
<status status="PASS" start="2026-09-14T00:21:28.314914" elapsed="19.617909"/>
</kw>
<kw name="I Should See The Profile Page Loaded For &quot;${company_name}&quot; ,&quot;${ticker}&quot;" owner="KeywordFiles" source_name="I Should See The Profile Page Loaded For &quot;${company_name}&quot; ,&quot;${ticker}&quot;">
<kw name="Current Location Should Match Quote Page" owner="KeywordFiles">
<kw name="Get Location" owner="SeleniumLibrary">
<msg time="2026-09-14T00:21:48.660748" level="INFO">${location} = https://finance.yahoo.com/quote/AAPL/</msg>
<var>${location}</var>
<doc>Returns the current browser window URL.</doc>
<status status="PASS" start="2026-09-14T00:21:47.936232" elapsed="0.724659"/>
</kw>
<kw name="Should Match Regexp" owner="BuiltIn">
<arg>${location}</arg>
<arg>.*/quote/.*</arg>
<doc>Fails if ``string`` does not match ``pattern`` as a regular expression.</doc>
<status status="PASS" start="2026-09-14T00:21:48.661400" elapsed="0.001089"/>
</kw>
<status status="PASS" start="2026-09-14T00:21:47.935345" elapsed="0.727403"/>
</kw>
<kw name="Wait Until Page Contains" owner="SeleniumLibrary">
<arg>${company_name}</arg>
<arg>${YAHOO_WAIT_TIMEOUT}</arg>
<doc>Waits until ``text`` appears on the current page.</doc>
<status status="PASS" start="2026-09-14T00:21:48.663129" elapsed="0.193369"/>
</kw>
<kw name="Wait Until Page Contains Element" owner="SeleniumLibrary">
<arg>xpath://h1[contains(@class,'heading')]</arg>
<arg>${YAHOO_RETRY_INTERVAL}</arg>
<doc>Waits until the element ``locator`` appears on the current page.</doc>
<status status="PASS" start="2026-09-14T00:21:48.857293" elapsed="0.428321"/>
</kw>
<kw name="Get Text" owner="SeleniumLibrary">
<msg time="2026-09-14T00:21:49.332442" level="INFO">${heading} = Apple Inc. (AAPL)</msg>
<var>${heading}</var>
<arg>xpath://h1[contains(@class,'heading')]</arg>
<doc>Returns the text value of the element identified by ``locator``.</doc>
<status status="PASS" start="2026-09-14T00:21:49.286187" elapsed="0.046392"/>
</kw>
<kw name="Log To Console" owner="BuiltIn">
<arg>Heading text: ${heading}</arg>
<doc>Logs the given message to the console.</doc>
<status status="PASS" start="2026-09-14T00:21:49.333074" elapsed="0.001438"/>
</kw>
<kw name="Should Contain" owner="BuiltIn">
<arg>${heading}</arg>
<arg>${ticker}</arg>
<doc>Fails if ``container`` does not contain ``item`` one or more times.</doc>
<status status="PASS" start="2026-09-14T00:21:49.335044" elapsed="0.002035"/>
</kw>
<kw name="Should Contain" owner="BuiltIn">
<arg>${heading}</arg>
<arg>${company_name}</arg>
<doc>Fails if ``container`` does not contain ``item`` one or more times.</doc>
<status status="PASS" start="2026-09-14T00:21:49.337744" elapsed="0.001409"/>
</kw>
<status status="PASS" start="2026-09-14T00:21:47.933747" elapsed="1.405780"/>
</kw>
<kw name="Close All Browsers" owner="SeleniumLibrary">
<doc>Closes all open browsers and resets the browser cache.</doc>
<status status="PASS" start="2026-09-14T00:21:49.340086" elapsed="2.380125"/>
</kw>
<var name="${line}">AAPL,Apple Inc.</var>
<status status="PASS" start="2026-09-14T00:21:17.982990" elapsed="33.737442"/>
</iter>
<iter>
<kw name="Split String" owner="String">
<msg time="2026-09-14T00:21:51.721885" level="INFO">@{row} = [ MSFT | Microsoft Corporation ]</msg>
<var>@{row}</var>
<arg>${line}</arg>
<arg>,</arg>
<doc>Splits the ``string`` using ``separator`` as a delimiter string.</doc>
<status status="PASS" start="2026-09-14T00:21:51.721246" elapsed="0.000719"/>
</kw>
<kw name="Strip String" owner="String">
<msg time="2026-09-14T00:21:51.722739" level="INFO">${ticker} = MSFT</msg>
<var>${ticker}</var>
<arg>${row}[0]</arg>
<doc>Remove leading and/or trailing whitespaces from the given string.</doc>
<status status="PASS" start="2026-09-14T00:21:51.722276" elapsed="0.000534"/>
</kw>
<kw name="Strip String" owner="String">
<msg time="2026-09-14T00:21:51.723541" level="INFO">${company_name} = Microsoft Corporation</msg>
<var>${company_name}</var>
<arg>${row}[1]</arg>
<doc>Remove leading and/or trailing whitespaces from the given string.</doc>
<status status="PASS" start="2026-09-14T00:21:51.723103" elapsed="0.000507"/>
</kw>
<kw name="Open Yahoo Browser" owner="KeywordFiles">
<kw name="Evaluate" owner="BuiltIn">
<msg time="2026-09-14T00:21:51.726129" level="INFO">${options} = &lt;selenium.webdriver.chrome.options.Options object at 0x000001B340213C50&gt;</msg>
<var>${options}</var>
<arg>sys.modules['selenium.webdriver'].ChromeOptions()</arg>
<arg>sys, selenium.webdriver</arg>
<doc>Evaluates the given expression in Python and returns the result.</doc>
<status status="PASS" start="2026-09-14T00:21:51.724875" elapsed="0.001353"/>
</kw>
<kw name="Call Method" owner="BuiltIn">
<arg>${options}</arg>
<arg>add_argument</arg>
<arg>--window-size\=1920,1080</arg>
<doc>Calls the named method of the given object with the provided arguments.</doc>
<status status="PASS" start="2026-09-14T00:21:51.726613" elapsed="0.000811"/>
</kw>
<if>
<branch type="IF" condition="'${YAHOO_HEADLESS}' == 'true'">
<kw name="Call Method" owner="BuiltIn">
<arg>${options}</arg>
<arg>add_argument</arg>
<arg>--headless\=new</arg>
<doc>Calls the named method of the given object with the provided arguments.</doc>
<status status="NOT RUN" start="2026-09-14T00:21:51.728272" elapsed="0.000138"/>
</kw>
<kw name="Call Method" owner="BuiltIn">
<arg>${options}</arg>
<arg>add_argument</arg>
<arg>--no-sandbox</arg>
<doc>Calls the named method of the given object with the provided arguments.</doc>
<status status="NOT RUN" start="2026-09-14T00:21:51.728716" elapsed="0.000067"/>
</kw>
<kw name="Call Method" owner="BuiltIn">
<arg>${options}</arg>
<arg>add_argument</arg>
<arg>--disable-dev-shm-usage</arg>
<doc>Calls the named method of the given object with the provided arguments.</doc>
<status status="NOT RUN" start="2026-09-14T00:21:51.729032" elapsed="0.000062"/>
</kw>
<status status="NOT RUN" start="2026-09-14T00:21:51.727707" elapsed="0.001503"/>
</branch>
<status status="PASS" start="2026-09-14T00:21:51.727638" elapsed="0.001705"/>
</if>
<kw name="Open Browser" owner="SeleniumLibrary">
<msg time="2026-09-14T00:21:51.730400" level="INFO">Opening browser 'Chrome' to base url 'https://finance.yahoo.com/'.</msg>
<arg>${url}</arg>
<arg>${YAHOO_BROWSER}</arg>
<arg>options=${options}</arg>
<doc>Opens a new browser instance to the optional ``url``.</doc>
<status status="PASS" start="2026-09-14T00:21:51.729630" elapsed="5.255071"/>
</kw>
<arg>${YAHOO_URL}</arg>
<status status="PASS" start="2026-09-14T00:21:51.724163" elapsed="5.260866"/>
</kw>
<kw name="Search For Ticker And Open First Suggestion" owner="KeywordFiles">
<kw name="Wait Until Element Is Visible" owner="SeleniumLibrary">
<arg>${YAHOO_SEARCH_BOX}</arg>
<arg>${YAHOO_WAIT_TIMEOUT}</arg>
<doc>Waits until the element ``locator`` is visible.</doc>
<status status="PASS" start="2026-09-14T00:21:56.986701" elapsed="9.008635"/>
</kw>
<kw name="Input Text" owner="SeleniumLibrary">
<msg time="2026-09-14T00:22:05.997340" level="INFO">Typing text 'MSFT' into text field 'id=ybar-sbq'.</msg>
<arg>${YAHOO_SEARCH_BOX}</arg>
<arg>${ticker}</arg>
<doc>Types the given ``text`` into the text field identified by ``locator``.</doc>
<status status="PASS" start="2026-09-14T00:22:05.995929" elapsed="0.761921"/>
</kw>
<kw name="Wait Until Element Is Visible" owner="SeleniumLibrary">
<arg>${YAHOO_FIRST_SEARCH_RESULT}</arg>
<arg>${YAHOO_WAIT_TIMEOUT}</arg>
<doc>Waits until the element ``locator`` is visible.</doc>
<status status="PASS" start="2026-09-14T00:22:06.758391" elapsed="1.056279"/>
</kw>
<kw name="Mouse Over" owner="SeleniumLibrary">
<msg time="2026-09-14T00:22:07.817511" level="INFO">Simulating Mouse Over on element 'xpath:(//*[@data-test='srch-sym'])[1]'.</msg>
<arg>${YAHOO_FIRST_SEARCH_RESULT}</arg>
<doc>Simulates hovering the mouse over the element ``locator``.</doc>
<status status="PASS" start="2026-09-14T00:22:07.816388" elapsed="0.384603"/>
</kw>
<kw name="Click Element" owner="SeleniumLibrary">
<msg time="2026-09-14T00:22:08.203048" level="INFO">Clicking element 'xpath:(//*[@data-test='srch-sym'])[1]'.</msg>
<arg>${YAHOO_FIRST_SEARCH_RESULT}</arg>
<doc>Click the element identified by ``locator``.</doc>
<status status="PASS" start="2026-09-14T00:22:08.201620" elapsed="0.580551"/>
</kw>
<kw name="Wait Until Keyword Succeeds" owner="BuiltIn">
<kw name="Current Location Should Match Quote Page" owner="KeywordFiles">
<kw name="Get Location" owner="SeleniumLibrary">
<msg time="2026-09-14T00:22:09.085131" level="INFO">${location} = https://finance.yahoo.com/</msg>
<var>${location}</var>
<doc>Returns the current browser window URL.</doc>
<status status="PASS" start="2026-09-14T00:22:08.784384" elapsed="0.300885"/>
</kw>
<kw name="Should Match Regexp" owner="BuiltIn">
<msg time="2026-09-14T00:22:09.087066" level="FAIL">'https://finance.yahoo.com/' does not match '.*/quote/.*'</msg>
<arg>${location}</arg>
<arg>.*/quote/.*</arg>
<doc>Fails if ``string`` does not match ``pattern`` as a regular expression.</doc>
<status status="FAIL" start="2026-09-14T00:22:09.085813" elapsed="0.001543">'https://finance.yahoo.com/' does not match '.*/quote/.*'</status>
</kw>
<status status="FAIL" start="2026-09-14T00:22:08.783859" elapsed="0.303977">'https://finance.yahoo.com/' does not match '.*/quote/.*'</status>
</kw>
<kw name="Current Location Should Match Quote Page" owner="KeywordFiles">
<kw name="Get Location" owner="SeleniumLibrary">
<msg time="2026-09-14T00:22:12.828765" level="INFO">${location} = https://finance.yahoo.com/quote/MSFT/</msg>
<var>${location}</var>
<doc>Returns the current browser window URL.</doc>
<status status="PASS" start="2026-09-14T00:22:12.090544" elapsed="0.738315"/>
</kw>
<kw name="Should Match Regexp" owner="BuiltIn">
<arg>${location}</arg>
<arg>.*/quote/.*</arg>
<doc>Fails if ``string`` does not match ``pattern`` as a regular expression.</doc>
<status status="PASS" start="2026-09-14T00:22:12.829192" elapsed="0.000753"/>
</kw>
<status status="PASS" start="2026-09-14T00:22:12.089202" elapsed="0.740921"/>
</kw>
<arg>${YAHOO_RETRY_TIMEOUT}</arg>
<arg>${YAHOO_RETRY_INTERVAL}</arg>
<arg>Current Location Should Match Quote Page</arg>
<doc>Runs the specified keyword and retries if it fails.</doc>
<status status="PASS" start="2026-09-14T00:22:08.782694" elapsed="4.047529"/>
</kw>
<arg>${ticker}</arg>
<status status="PASS" start="2026-09-14T00:21:56.985650" elapsed="15.844696"/>
</kw>
<kw name="I Should See The Profile Page Loaded For &quot;${company_name}&quot; ,&quot;${ticker}&quot;" owner="KeywordFiles" source_name="I Should See The Profile Page Loaded For &quot;${company_name}&quot; ,&quot;${ticker}&quot;">
<kw name="Current Location Should Match Quote Page" owner="KeywordFiles">
<kw name="Get Location" owner="SeleniumLibrary">
<msg time="2026-09-14T00:22:13.316283" level="INFO">${location} = https://finance.yahoo.com/quote/MSFT/</msg>
<var>${location}</var>
<doc>Returns the current browser window URL.</doc>
<status status="PASS" start="2026-09-14T00:22:12.843898" elapsed="0.472536"/>
</kw>
<kw name="Should Match Regexp" owner="BuiltIn">
<arg>${location}</arg>
<arg>.*/quote/.*</arg>
<doc>Fails if ``string`` does not match ``pattern`` as a regular expression.</doc>
<status status="PASS" start="2026-09-14T00:22:13.316924" elapsed="0.001089"/>
</kw>
<status status="PASS" start="2026-09-14T00:22:12.831700" elapsed="0.486562"/>
</kw>
<kw name="Wait Until Page Contains" owner="SeleniumLibrary">
<arg>${company_name}</arg>
<arg>${YAHOO_WAIT_TIMEOUT}</arg>
<doc>Waits until ``text`` appears on the current page.</doc>
<status status="PASS" start="2026-09-14T00:22:13.318645" elapsed="0.216233"/>
</kw>
<kw name="Wait Until Page Contains Element" owner="SeleniumLibrary">
<arg>xpath://h1[contains(@class,'heading')]</arg>
<arg>${YAHOO_RETRY_INTERVAL}</arg>
<doc>Waits until the element ``locator`` appears on the current page.</doc>
<status status="PASS" start="2026-09-14T00:22:13.535427" elapsed="0.331041"/>
</kw>
<kw name="Get Text" owner="SeleniumLibrary">
<msg time="2026-09-14T00:22:14.068939" level="INFO">${heading} = Microsoft Corporation (MSFT)</msg>
<var>${heading}</var>
<arg>xpath://h1[contains(@class,'heading')]</arg>
<doc>Returns the text value of the element identified by ``locator``.</doc>
<status status="PASS" start="2026-09-14T00:22:13.866905" elapsed="0.202227"/>
</kw>
<kw name="Log To Console" owner="BuiltIn">
<arg>Heading text: ${heading}</arg>
<doc>Logs the given message to the console.</doc>
<status status="PASS" start="2026-09-14T00:22:14.069864" elapsed="0.001685"/>
</kw>
<kw name="Should Contain" owner="BuiltIn">
<arg>${heading}</arg>
<arg>${ticker}</arg>
<doc>Fails if ``container`` does not contain ``item`` one or more times.</doc>
<status status="PASS" start="2026-09-14T00:22:14.071920" elapsed="0.000798"/>
</kw>
<kw name="Should Contain" owner="BuiltIn">
<arg>${heading}</arg>
<arg>${company_name}</arg>
<doc>Fails if ``container`` does not contain ``item`` one or more times.</doc>
<status status="PASS" start="2026-09-14T00:22:14.072973" elapsed="0.001433"/>
</kw>
<status status="PASS" start="2026-09-14T00:22:12.830875" elapsed="1.243921"/>
</kw>
<kw name="Close All Browsers" owner="SeleniumLibrary">
<doc>Closes all open browsers and resets the browser cache.</doc>
<status status="PASS" start="2026-09-14T00:22:14.075390" elapsed="2.399946"/>
</kw>
<var name="${line}">MSFT,Microsoft Corporation</var>
<status status="PASS" start="2026-09-14T00:21:51.720924" elapsed="24.754601"/>
</iter>
<iter>
<kw name="Split String" owner="String">
<msg time="2026-09-14T00:22:16.476851" level="INFO">@{row} = [ ACN | Accenture plc ]</msg>
<var>@{row}</var>
<arg>${line}</arg>
<arg>,</arg>
<doc>Splits the ``string`` using ``separator`` as a delimiter string.</doc>
<status status="PASS" start="2026-09-14T00:22:16.476256" elapsed="0.000669"/>
</kw>
<kw name="Strip String" owner="String">
<msg time="2026-09-14T00:22:16.477596" level="INFO">${ticker} = ACN</msg>
<var>${ticker}</var>
<arg>${row}[0]</arg>
<doc>Remove leading and/or trailing whitespaces from the given string.</doc>
<status status="PASS" start="2026-09-14T00:22:16.477200" elapsed="0.000460"/>
</kw>
<kw name="Strip String" owner="String">
<msg time="2026-09-14T00:22:16.478257" level="INFO">${company_name} = Accenture plc</msg>
<var>${company_name}</var>
<arg>${row}[1]</arg>
<doc>Remove leading and/or trailing whitespaces from the given string.</doc>
<status status="PASS" start="2026-09-14T00:22:16.477899" elapsed="0.000419"/>
</kw>
<kw name="Open Yahoo Browser" owner="KeywordFiles">
<kw name="Evaluate" owner="BuiltIn">
<msg time="2026-09-14T00:22:16.480252" level="INFO">${options} = &lt;selenium.webdriver.chrome.options.Options object at 0x000001B340213D90&gt;</msg>
<var>${options}</var>
<arg>sys.modules['selenium.webdriver'].ChromeOptions()</arg>
<arg>sys, selenium.webdriver</arg>
<doc>Evaluates the given expression in Python and returns the result.</doc>
<status status="PASS" start="2026-09-14T00:22:16.479377" elapsed="0.000954"/>
</kw>
<kw name="Call Method" owner="BuiltIn">
<arg>${options}</arg>
<arg>add_argument</arg>
<arg>--window-size\=1920,1080</arg>
<doc>Calls the named method of the given object with the provided arguments.</doc>
<status status="PASS" start="2026-09-14T00:22:16.480655" elapsed="0.000624"/>
</kw>
<if>
<branch type="IF" condition="'${YAHOO_HEADLESS}' == 'true'">
<kw name="Call Method" owner="BuiltIn">
<arg>${options}</arg>
<arg>add_argument</arg>
<arg>--headless\=new</arg>
<doc>Calls the named method of the given object with the provided arguments.</doc>
<status status="NOT RUN" start="2026-09-14T00:22:16.481919" elapsed="0.000062"/>
</kw>
<kw name="Call Method" owner="BuiltIn">
<arg>${options}</arg>
<arg>add_argument</arg>
<arg>--no-sandbox</arg>
<doc>Calls the named method of the given object with the provided arguments.</doc>
<status status="NOT RUN" start="2026-09-14T00:22:16.482276" elapsed="0.000058"/>
</kw>
<kw name="Call Method" owner="BuiltIn">
<arg>${options}</arg>
<arg>add_argument</arg>
<arg>--disable-dev-shm-usage</arg>
<doc>Calls the named method of the given object with the provided arguments.</doc>
<status status="NOT RUN" start="2026-09-14T00:22:16.482586" elapsed="0.000057"/>
</kw>
<status status="NOT RUN" start="2026-09-14T00:22:16.481486" elapsed="0.001256"/>
</branch>
<status status="PASS" start="2026-09-14T00:22:16.481440" elapsed="0.001397"/>
</if>
<kw name="Open Browser" owner="SeleniumLibrary">
<msg time="2026-09-14T00:22:16.483634" level="INFO">Opening browser 'Chrome' to base url 'https://finance.yahoo.com/'.</msg>
<arg>${url}</arg>
<arg>${YAHOO_BROWSER}</arg>
<arg>options=${options}</arg>
<doc>Opens a new browser instance to the optional ``url``.</doc>
<status status="PASS" start="2026-09-14T00:22:16.483081" elapsed="4.792534"/>
</kw>
<arg>${YAHOO_URL}</arg>
<status status="PASS" start="2026-09-14T00:22:16.478815" elapsed="4.797355"/>
</kw>
<kw name="Search For Ticker And Open First Suggestion" owner="KeywordFiles">
<kw name="Wait Until Element Is Visible" owner="SeleniumLibrary">
<arg>${YAHOO_SEARCH_BOX}</arg>
<arg>${YAHOO_WAIT_TIMEOUT}</arg>
<doc>Waits until the element ``locator`` is visible.</doc>
<status status="PASS" start="2026-09-14T00:22:21.278391" elapsed="9.002367"/>
</kw>
<kw name="Input Text" owner="SeleniumLibrary">
<msg time="2026-09-14T00:22:30.282358" level="INFO">Typing text 'ACN' into text field 'id=ybar-sbq'.</msg>
<arg>${YAHOO_SEARCH_BOX}</arg>
<arg>${ticker}</arg>
<doc>Types the given ``text`` into the text field identified by ``locator``.</doc>
<status status="PASS" start="2026-09-14T00:22:30.281362" elapsed="0.574454"/>
</kw>
<kw name="Wait Until Element Is Visible" owner="SeleniumLibrary">
<arg>${YAHOO_FIRST_SEARCH_RESULT}</arg>
<arg>${YAHOO_WAIT_TIMEOUT}</arg>
<doc>Waits until the element ``locator`` is visible.</doc>
<status status="PASS" start="2026-09-14T00:22:30.856359" elapsed="0.970931"/>
</kw>
<kw name="Mouse Over" owner="SeleniumLibrary">
<msg time="2026-09-14T00:22:31.828703" level="INFO">Simulating Mouse Over on element 'xpath:(//*[@data-test='srch-sym'])[1]'.</msg>
<arg>${YAHOO_FIRST_SEARCH_RESULT}</arg>
<doc>Simulates hovering the mouse over the element ``locator``.</doc>
<status status="PASS" start="2026-09-14T00:22:31.827858" elapsed="0.593579"/>
</kw>
<kw name="Click Element" owner="SeleniumLibrary">
<msg time="2026-09-14T00:22:32.422846" level="INFO">Clicking element 'xpath:(//*[@data-test='srch-sym'])[1]'.</msg>
<arg>${YAHOO_FIRST_SEARCH_RESULT}</arg>
<doc>Click the element identified by ``locator``.</doc>
<status status="PASS" start="2026-09-14T00:22:32.422012" elapsed="0.328270"/>
</kw>
<kw name="Wait Until Keyword Succeeds" owner="BuiltIn">
<kw name="Current Location Should Match Quote Page" owner="KeywordFiles">
<kw name="Get Location" owner="SeleniumLibrary">
<msg time="2026-09-14T00:22:33.002143" level="INFO">${location} = https://finance.yahoo.com/</msg>
<var>${location}</var>
<doc>Returns the current browser window URL.</doc>
<status status="PASS" start="2026-09-14T00:22:32.753076" elapsed="0.249234"/>
</kw>
<kw name="Should Match Regexp" owner="BuiltIn">
<msg time="2026-09-14T00:22:33.004065" level="FAIL">'https://finance.yahoo.com/' does not match '.*/quote/.*'</msg>
<arg>${location}</arg>
<arg>.*/quote/.*</arg>
<doc>Fails if ``string`` does not match ``pattern`` as a regular expression.</doc>
<status status="FAIL" start="2026-09-14T00:22:33.002808" elapsed="0.001501">'https://finance.yahoo.com/' does not match '.*/quote/.*'</status>
</kw>
<status status="FAIL" start="2026-09-14T00:22:32.752380" elapsed="0.252336">'https://finance.yahoo.com/' does not match '.*/quote/.*'</status>
</kw>
<kw name="Current Location Should Match Quote Page" owner="KeywordFiles">
<kw name="Get Location" owner="SeleniumLibrary">
<msg time="2026-09-14T00:22:36.775540" level="INFO">${location} = https://finance.yahoo.com/quote/ACN/</msg>
<var>${location}</var>
<doc>Returns the current browser window URL.</doc>
<status status="PASS" start="2026-09-14T00:22:36.007631" elapsed="0.768059"/>
</kw>
<kw name="Should Match Regexp" owner="BuiltIn">
<arg>${location}</arg>
<arg>.*/quote/.*</arg>
<doc>Fails if ``string`` does not match ``pattern`` as a regular expression.</doc>
<status status="PASS" start="2026-09-14T00:22:36.776443" elapsed="0.001326"/>
</kw>
<status status="PASS" start="2026-09-14T00:22:36.006222" elapsed="0.771881"/>
</kw>
<arg>${YAHOO_RETRY_TIMEOUT}</arg>
<arg>${YAHOO_RETRY_INTERVAL}</arg>
<arg>Current Location Should Match Quote Page</arg>
<doc>Runs the specified keyword and retries if it fails.</doc>
<status status="PASS" start="2026-09-14T00:22:32.750809" elapsed="4.027491"/>
</kw>
<arg>${ticker}</arg>
<status status="PASS" start="2026-09-14T00:22:21.277017" elapsed="15.501503"/>
</kw>
<kw name="I Should See The Profile Page Loaded For &quot;${company_name}&quot; ,&quot;${ticker}&quot;" owner="KeywordFiles" source_name="I Should See The Profile Page Loaded For &quot;${company_name}&quot; ,&quot;${ticker}&quot;">
<kw name="Current Location Should Match Quote Page" owner="KeywordFiles">
<kw name="Get Location" owner="SeleniumLibrary">
<msg time="2026-09-14T00:22:37.451915" level="INFO">${location} = https://finance.yahoo.com/quote/ACN/</msg>
<var>${location}</var>
<doc>Returns the current browser window URL.</doc>
<status status="PASS" start="2026-09-14T00:22:36.781321" elapsed="0.670728"/>
</kw>
<kw name="Should Match Regexp" owner="BuiltIn">
<arg>${location}</arg>
<arg>.*/quote/.*</arg>
<doc>Fails if ``string`` does not match ``pattern`` as a regular expression.</doc>
<status status="PASS" start="2026-09-14T00:22:37.452526" elapsed="0.001073"/>
</kw>
<status status="PASS" start="2026-09-14T00:22:36.780535" elapsed="0.673307"/>
</kw>
<kw name="Wait Until Page Contains" owner="SeleniumLibrary">
<arg>${company_name}</arg>
<arg>${YAHOO_WAIT_TIMEOUT}</arg>
<doc>Waits until ``text`` appears on the current page.</doc>
<status status="PASS" start="2026-09-14T00:22:37.454230" elapsed="0.211666"/>
</kw>
<kw name="Wait Until Page Contains Element" owner="SeleniumLibrary">
<arg>xpath://h1[contains(@class,'heading')]</arg>
<arg>${YAHOO_RETRY_INTERVAL}</arg>
<doc>Waits until the element ``locator`` appears on the current page.</doc>
<status status="PASS" start="2026-09-14T00:22:37.667066" elapsed="0.555179"/>
</kw>
<kw name="Get Text" owner="SeleniumLibrary">
<msg time="2026-09-14T00:22:38.326091" level="INFO">${heading} = Accenture plc (ACN)</msg>
<var>${heading}</var>
<arg>xpath://h1[contains(@class,'heading')]</arg>
<doc>Returns the text value of the element identified by ``locator``.</doc>
<status status="PASS" start="2026-09-14T00:22:38.222853" elapsed="0.103371"/>
</kw>
<kw name="Log To Console" owner="BuiltIn">
<arg>Heading text: ${heading}</arg>
<doc>Logs the given message to the console.</doc>
<status status="PASS" start="2026-09-14T00:22:38.326693" elapsed="0.001427"/>
</kw>
<kw name="Should Contain" owner="BuiltIn">
<arg>${heading}</arg>
<arg>${ticker}</arg>
<doc>Fails if ``container`` does not contain ``item`` one or more times.</doc>
<status status="PASS" start="2026-09-14T00:22:38.328683" elapsed="0.001205"/>
</kw>
<kw name="Should Contain" owner="BuiltIn">
<arg>${heading}</arg>
<arg>${company_name}</arg>
<doc>Fails if ``container`` does not contain ``item`` one or more times.</doc>
<status status="PASS" start="2026-09-14T00:22:38.330340" elapsed="0.001128"/>
</kw>
<status status="PASS" start="2026-09-14T00:22:36.779325" elapsed="1.552408"/>
</kw>
<kw name="Close All Browsers" owner="SeleniumLibrary">
<doc>Closes all open browsers and resets the browser cache.</doc>
<status status="PASS" start="2026-09-14T00:22:38.332121" elapsed="2.341551"/>
</kw>
<var name="${line}">ACN,Accenture plc</var>
<status status="PASS" start="2026-09-14T00:22:16.475953" elapsed="24.197870"/>
</iter>
<var>${line}</var>
<value>@{lines}[1:]</value>
<status status="PASS" start="2026-09-14T00:21:17.982436" elapsed="82.691477"/>
</for>
<status status="PASS" start="2026-09-14T00:21:17.977590" elapsed="82.696905"/>
</test>
<kw name="Close All Browsers" owner="SeleniumLibrary" type="TEARDOWN">
<doc>Closes all open browsers and resets the browser cache.</doc>
<status status="PASS" start="2026-09-14T00:22:40.676740" elapsed="0.000260"/>
</kw>
<status status="PASS" start="2026-09-14T00:21:17.303523" elapsed="83.373556"/>
</suite>
<statistics>
<total>
<stat pass="1" fail="0" skip="0">All Tests</stat>
</total>
<tag>
</tag>
<suite>
<stat name="FirstProgram" id="s1" pass="1" fail="0" skip="0">FirstProgram</stat>
</suite>
</statistics>
<errors>
</errors>
</robot>
